<?xml version="1.0" encoding="UTF-8"?>
<!-- Generated by org.testng.reporters.JUnitReportReporter -->
<testsuite hostname="DESKTOP-5F5KD8L" failures="0" tests="1" name="TestingProject.testng" time="0.016" errors="0" timestamp="2023-03-27T15:19:32 IST" skipped="0">
  <testcase classname="TestingProject.testng" name="test3" time="0.016"/>
  <system-out/>
</testsuite> <!-- TestingProject.testng -->
